[2023-04-13 20:30:56,947] root - INFO - Training pipleine config: TrainingPipelineConfig(artifact_dir='E:\\Data science\\Projects\\VisaProject\\visa\\artifact')
[2023-04-13 20:30:56,947] root - INFO - Data Ingestion config: DataIngestionConfig(dataset_download_url='https://raw.githubusercontent.com/SiddharthTyagi119/Datasets/main/Visadataset.csv', raw_data_dir='E:\\Data science\\Projects\\VisaProject\\visa\\artifact\\data_ingestion\\2023-04-13-20-30-54\\raw_data', ingested_train_dir='E:\\Data science\\Projects\\VisaProject\\visa\\artifact\\data_ingestion\\2023-04-13-20-30-54\\ingested_data\\train', ingested_test_dir='E:\\Data science\\Projects\\VisaProject\\visa\\artifact\\data_ingestion\\2023-04-13-20-30-54\\ingested_data\\test')
[2023-04-13 20:30:56,947] root - INFO - >>>>>>>>>>>>>>>>>>>>>>>>>>>>>>>>>>>>>>>>>>>>>>>>>>>>>>>>>>>>Data Ingestion log started.<<<<<<<<<<<<<<<<<<<<<<<<<<<<<<<<<<<<<<<<<<<<<<<<<<<<<<<<<<<< 


[2023-04-13 20:30:56,948] root - INFO - Downloading file from :[https://raw.githubusercontent.com/SiddharthTyagi119/Datasets/main/Visadataset.csv] into :[E:\Data science\Projects\VisaProject\visa\artifact\data_ingestion\2023-04-13-20-30-54\raw_data\Visadataset.csv]
[2023-04-13 20:30:57,848] root - INFO - File :[E:\Data science\Projects\VisaProject\visa\artifact\data_ingestion\2023-04-13-20-30-54\raw_data\Visadataset.csv] has been downloaded successfully.
[2023-04-13 20:30:57,848] root - INFO - Reading csv file: [E:\Data science\Projects\VisaProject\visa\artifact\data_ingestion\2023-04-13-20-30-54\raw_data\Visadataset.csv]
[2023-04-13 20:30:57,922] numexpr.utils - INFO - NumExpr defaulting to 4 threads.
[2023-04-13 20:30:57,936] root - INFO - Splitting data into train and test
[2023-04-13 20:30:57,943] root - INFO - Exporting training dataset to file: [E:\Data science\Projects\VisaProject\visa\artifact\data_ingestion\2023-04-13-20-30-54\ingested_data\train\Visadataset.csv]
[2023-04-13 20:30:58,090] root - INFO - Exporting test dataset to file: [E:\Data science\Projects\VisaProject\visa\artifact\data_ingestion\2023-04-13-20-30-54\ingested_data\test\Visadataset.csv]
[2023-04-13 20:30:58,129] root - INFO - Data Ingestion artifact:[DataIngestionArtifact(train_file_path='E:\\Data science\\Projects\\VisaProject\\visa\\artifact\\data_ingestion\\2023-04-13-20-30-54\\ingested_data\\train\\Visadataset.csv', test_file_path='E:\\Data science\\Projects\\VisaProject\\visa\\artifact\\data_ingestion\\2023-04-13-20-30-54\\ingested_data\\test\\Visadataset.csv', is_ingested=True, message='Data ingestion completed successfully.')]
[2023-04-13 20:30:58,130] root - INFO - >>>>>>>>>>>>>>>>>>>>>>>>>>>>>>>>>>>>>>>>>>>>>>>>>>>>>>>>>>>>Data Validation log started.<<<<<<<<<<<<<<<<<<<<<<<<<<<<<<<<<<<<<<<<<<<<<<<<<<<<<<<<<<<< 


[2023-04-13 20:30:58,146] root - INFO - Validation Process Started
[2023-04-13 20:30:58,372] root - INFO - Train_set status|is Train filename validated?: True|is train columns validated?: True|is train column name validated?: True|whole missing columns?True
[2023-04-13 20:30:58,372] root - INFO - Test_set status|is Test filename validated?: Trueis test col numbers validated?: True|is test column names validated? True| whole missing columns? True
[2023-04-13 20:30:58,372] root - INFO - Validation Process Completed
[2023-04-13 20:30:58,373] root - INFO - Data validation artifact: DataValidationArtifact(schema_file_path='E:\\Data science\\Projects\\VisaProject\\config\\schema.yaml', is_validated=True, message='Data validation performed')
[2023-04-13 20:30:58,373] root - INFO - >>>>>>>>>>>>>>>>>>>>>>>>>>>>>>>>>>>>>>>>>>>>>>>>>>>>>>>>>>>>Data Validation log completed.<<<<<<<<<<<<<<<<<<<<<<<<<<<<<<<<<<<<<<<<<<<<<<<<<<<<<<<<<<<<
[2023-04-13 20:30:58,373] root - INFO - Data transformation config: DataTransformationConfig(transformed_train_dir='E:\\Data science\\Projects\\VisaProject\\visa\\artifact\\data_transformation\\2023-04-13-20-30-54\\transformed_data\\train', transformed_test_dir='E:\\Data science\\Projects\\VisaProject\\visa\\artifact\\data_transformation\\2023-04-13-20-30-54\\transformed_data\\test', preprocessed_object_file_path='E:\\Data science\\Projects\\VisaProject\\visa\\artifact\\data_transformation\\2023-04-13-20-30-54\\preprocessed\\preprocessed.pkl')
[2023-04-13 20:30:58,373] root - INFO - >>>>>>>>>>>>>>>>>>>>>>>>>>>>>>>>>>>>>>>>>>>>>>>>>>>>>>>>>>>>Data Transformation log started.<<<<<<<<<<<<<<<<<<<<<<<<<<<<<<<<<<<<<<<<<<<<<<<<<<<<<<<<<<<<
[2023-04-13 20:30:58,373] root - INFO - Obtaining preprocessing object.
[2023-04-13 20:30:58,377] root - INFO - Obtaining training and test file path.
[2023-04-13 20:30:58,377] root - INFO - Loading training and test data as pandas dataframe.
[2023-04-13 20:30:58,468] root - INFO - Outlier capped in train df
[2023-04-13 20:30:58,475] root - INFO - Outlier capped in test df
[2023-04-13 20:30:58,475] root - INFO - Splitting input and target feature from training and testing dataframe.
[2023-04-13 20:30:58,510] root - INFO - Applying preprocessing object on training dataframe and testing dataframe.
[2023-04-13 20:31:02,006] root - INFO - Saving transformed training and test array.
[2023-04-13 20:31:02,026] root - INFO - Saving preprocessing object.
[2023-04-13 20:31:02,038] root - INFO - Data transformation artifact: DataTransformationArtifact(is_transformed=True, message='Data transformation successfull.', transformed_train_file_path='E:\\Data science\\Projects\\VisaProject\\visa\\artifact\\data_transformation\\2023-04-13-20-30-54\\transformed_data\\train\\Visadataset.npz', transformed_test_file_path='E:\\Data science\\Projects\\VisaProject\\visa\\artifact\\data_transformation\\2023-04-13-20-30-54\\transformed_data\\test\\Visadataset.npz', preprocessed_object_file_path='E:\\Data science\\Projects\\VisaProject\\visa\\artifact\\data_transformation\\2023-04-13-20-30-54\\preprocessed\\preprocessed.pkl')
[2023-04-13 20:31:02,041] root - INFO - >>>>>>>>>>>>>>>>>>>>>>>>>>>>>>>>>>>>>>>>>>>>>>>>>>>>>>>>>>>>Data Transformation log completed.<<<<<<<<<<<<<<<<<<<<<<<<<<<<<<<<<<<<<<<<<<<<<<<<<<<<<<<<<<<< 


